[09:27:19] [START] 🚀 Starting Streaming Colab GPU Training...
[09:27:19] [INFO] Training started at: 2025-11-02 09:27:19
[09:27:19] [CONFIG] Device: cuda
[09:27:19] [CONFIG] GPU: Tesla T4
[09:27:19] [CONFIG] GPU Memory: 15.8 GB
[09:27:19] [INFO] Seed set to 42 for reproducibility
[09:27:19] [LOAD] 📦 Loading model and tokenizer...
[09:27:21] [INFO] ✅ Tokenizer loaded: google/electra-small-discriminator
[09:27:21] [LOAD] 📊 Loading SQuAD dataset...
[09:27:26] [INFO] ✅ Dataset loaded - Training: 10000, Validation: 1000
[09:27:26] [PROCESS] 🔄 Preprocessing datasets...
[09:27:32] [INFO] ✅ Preprocessing completed in 5.5s
[09:27:32] [CONFIG] 🔧 Creating training configuration...
[09:27:32] [INFO] ✅ Training arguments configured
[09:27:32] [INFO] ✅ Data collator created
[09:27:32] [INFO] 
============================================================
[09:27:32] [STAGE] 🎯 BASELINE MODEL TRAINING STARTED
[09:27:32] [INFO] ============================================================
[09:27:34] [INFO] ✅ Baseline trainer initialized
[09:27:34] [INFO] ▶️  Starting baseline training...
[09:29:30] [DEBUG] compute_metrics called with 1000 predictions
[09:29:30] [DEBUG]   First prediction: {'id': '56be4db0acb8001400a502ec', 'prediction_text': 'Denver Broncos'}
[09:29:30] [DEBUG]   First reference: {'id': '56be4db0acb8001400a502ec', 'answers': {'text': ['Denver Broncos', 'Denver Broncos', 'Denver Broncos'], 'answer_start': [177, 177, 177]}}
[09:29:31] [DEBUG] compute_metrics result keys: ['exact_match', 'f1']
[09:29:31] [DEBUG] compute_metrics result: {'exact_match': 34.0, 'f1': 42.80211509759493}
[09:31:27] [DEBUG] compute_metrics called with 1000 predictions
[09:31:27] [DEBUG]   First prediction: {'id': '56be4db0acb8001400a502ec', 'prediction_text': 'Denver Broncos'}
[09:31:27] [DEBUG]   First reference: {'id': '56be4db0acb8001400a502ec', 'answers': {'text': ['Denver Broncos', 'Denver Broncos', 'Denver Broncos'], 'answer_start': [177, 177, 177]}}
[09:31:28] [DEBUG] compute_metrics result keys: ['exact_match', 'f1']
[09:31:28] [DEBUG] compute_metrics result: {'exact_match': 49.7, 'f1': 59.20533316421837}
[09:33:24] [DEBUG] compute_metrics called with 1000 predictions
[09:33:24] [DEBUG]   First prediction: {'id': '56be4db0acb8001400a502ec', 'prediction_text': 'Denver Broncos'}
[09:33:24] [DEBUG]   First reference: {'id': '56be4db0acb8001400a502ec', 'answers': {'text': ['Denver Broncos', 'Denver Broncos', 'Denver Broncos'], 'answer_start': [177, 177, 177]}}
[09:33:24] [DEBUG] compute_metrics result keys: ['exact_match', 'f1']
[09:33:24] [DEBUG] compute_metrics result: {'exact_match': 52.2, 'f1': 61.2558456986396}
[09:33:25] [EVAL] 📊 Evaluating baseline model...
[09:33:32] [DEBUG] compute_metrics called with 1000 predictions
[09:33:32] [DEBUG]   First prediction: {'id': '56be4db0acb8001400a502ec', 'prediction_text': 'Denver Broncos'}
[09:33:32] [DEBUG]   First reference: {'id': '56be4db0acb8001400a502ec', 'answers': {'text': ['Denver Broncos', 'Denver Broncos', 'Denver Broncos'], 'answer_start': [177, 177, 177]}}
[09:33:33] [DEBUG] compute_metrics result keys: ['exact_match', 'f1']
[09:33:33] [DEBUG] compute_metrics result: {'exact_match': 52.2, 'f1': 61.2558456986396}
[09:33:33] [INFO] ✅ Baseline training completed in 350.3s
[09:33:33] [METRIC] 📊 Baseline EM: 52.2000
[09:33:33] [METRIC] 📊 Baseline F1: 61.2558
[09:33:33] [DEBUG] 
🔍 Available metrics in baseline_results:
[09:33:33] [DEBUG]   eval_exact_match: 52.2
[09:33:33] [DEBUG]   eval_f1: 61.2558456986396
[09:33:33] [DEBUG]   epoch: 3.0
[09:33:33] [INFO] 
============================================================
[09:33:33] [STAGE] 🗺️  CARTOGRAPHY-MITIGATED MODEL TRAINING
[09:33:33] [INFO] ============================================================
[09:33:33] [INFO] ✅ Found cartography weights at: /content/nlp-fa25-final-project/results/cartography/training_weights_upweight_hard.json
[09:33:33] [INFO] ✅ Loaded cartography weights (1000 examples)
[09:33:33] [INFO] ✅ Cartography trainer initialized
[09:33:33] [INFO] ▶️  Starting cartography training...
[09:35:36] [DEBUG] compute_metrics called with 1000 predictions
[09:35:36] [DEBUG]   First prediction: {'id': '56be4db0acb8001400a502ec', 'prediction_text': 'Denver Broncos'}
[09:35:36] [DEBUG]   First reference: {'id': '56be4db0acb8001400a502ec', 'answers': {'text': ['Denver Broncos', 'Denver Broncos', 'Denver Broncos'], 'answer_start': [177, 177, 177]}}
[09:35:37] [DEBUG] compute_metrics result keys: ['exact_match', 'f1']
[09:35:37] [DEBUG] compute_metrics result: {'exact_match': 34.1, 'f1': 43.589262643923455}
[09:37:32] [DEBUG] compute_metrics called with 1000 predictions
[09:37:32] [DEBUG]   First prediction: {'id': '56be4db0acb8001400a502ec', 'prediction_text': 'Denver Broncos'}
[09:37:32] [DEBUG]   First reference: {'id': '56be4db0acb8001400a502ec', 'answers': {'text': ['Denver Broncos', 'Denver Broncos', 'Denver Broncos'], 'answer_start': [177, 177, 177]}}
[09:37:33] [DEBUG] compute_metrics result keys: ['exact_match', 'f1']
[09:37:33] [DEBUG] compute_metrics result: {'exact_match': 54.2, 'f1': 63.626535264937445}
[09:39:28] [DEBUG] compute_metrics called with 1000 predictions
[09:39:28] [DEBUG]   First prediction: {'id': '56be4db0acb8001400a502ec', 'prediction_text': 'Denver Broncos'}
[09:39:28] [DEBUG]   First reference: {'id': '56be4db0acb8001400a502ec', 'answers': {'text': ['Denver Broncos', 'Denver Broncos', 'Denver Broncos'], 'answer_start': [177, 177, 177]}}
[09:39:29] [DEBUG] compute_metrics result keys: ['exact_match', 'f1']
[09:39:29] [DEBUG] compute_metrics result: {'exact_match': 57.1, 'f1': 66.34065602628719}
[09:39:29] [EVAL] 📊 Evaluating cartography model...
[09:39:37] [DEBUG] compute_metrics called with 1000 predictions
[09:39:37] [DEBUG]   First prediction: {'id': '56be4db0acb8001400a502ec', 'prediction_text': 'Denver Broncos'}
[09:39:37] [DEBUG]   First reference: {'id': '56be4db0acb8001400a502ec', 'answers': {'text': ['Denver Broncos', 'Denver Broncos', 'Denver Broncos'], 'answer_start': [177, 177, 177]}}
[09:39:38] [DEBUG] compute_metrics result keys: ['exact_match', 'f1']
[09:39:38] [DEBUG] compute_metrics result: {'exact_match': 57.1, 'f1': 66.34065602628719}
[09:39:38] [INFO] ✅ Cartography training completed in 356.0s
[09:39:38] [METRIC] 📊 Cartography EM: 57.1000
[09:39:38] [METRIC] 📊 Cartography F1: 66.3407
[09:39:38] [INFO] 
============================================================
[09:39:38] [SUMMARY] 📊 FINAL RESULTS SUMMARY
[09:39:38] [INFO] ============================================================
[09:39:38] [INFO] Baseline EM:      52.2000
[09:39:38] [INFO] Baseline F1:      61.2558
[09:39:38] [INFO] Cartography EM:   57.1000
[09:39:38] [INFO] Cartography F1:   66.3407
[09:39:38] [INFO] EM Improvement:   +4.9000
[09:39:38] [INFO] F1 Improvement:   +5.0848
[09:39:38] [INFO] 
⏱️  Total training time: 12.3 minutes
[09:39:38] [INFO] 
✅ Training complete! Results saved.
[09:39:38] [INFO] 📁 Log file: /content/colab_training_stream.log
[09:39:38] [INFO] 📊 Results file: /content/colab_training_results.json
[09:39:38] [INFO] 
📥 Preparing files for download...
[09:39:38] [INFO] ✅ Files ready for download!
[09:39:38] [INFO] 
🎉 Training pipeline complete!
